<?xml version="1.0" encoding="UTF-8"?>
<!-- Generated by org.testng.reporters.JUnitReportReporter -->
<testsuite name="testcases.TestCase_001" tests="1" time="4.789" ignored="0" failures="0" timestamp="15 sep 2017 12:05:29 GMT" skipped="0" hostname="PL1SEMAL0031NB" errors="0">
  <testcase name="testcase1" time="4.789" classname="testcases.TestCase_001"/>
</testsuite> <!-- testcases.TestCase_001 -->
