<?xml version="1.0" encoding="UTF-8"?>
<!-- Generated by org.testng.reporters.JUnitReportReporter -->
<testsuite name="testcases.TestCase_002" tests="1" time="2.982" ignored="0" failures="0" timestamp="29 sep 2017 07:27:57 GMT" skipped="0" hostname="PL1SEMAL0031NB" errors="0">
  <testcase name="testcase1" time="2.982" classname="testcases.TestCase_002"/>
</testsuite> <!-- testcases.TestCase_002 -->
