<?xml version="1.0" encoding="UTF-8"?>
<!-- Generated by org.testng.reporters.JUnitReportReporter -->
<testsuite name="testcases.TestCase_004" tests="1" time="3.219" ignored="0" failures="0" timestamp="29 sep 2017 07:27:57 GMT" skipped="0" hostname="PL1SEMAL0031NB" errors="0">
  <testcase name="testcase1" time="3.219" classname="testcases.TestCase_004"/>
</testsuite> <!-- testcases.TestCase_004 -->
