<?xml version="1.0" encoding="UTF-8"?>
<!-- Generated by org.testng.reporters.JUnitReportReporter -->
<testsuite name="testcases.TestCase_001" tests="1" time="3.608" ignored="0" failures="0" timestamp="30 sep 2017 12:14:32 GMT" skipped="0" hostname="PL1SEMAL0031NB" errors="0">
  <testcase name="testcase1" time="3.608" classname="testcases.TestCase_001"/>
</testsuite> <!-- testcases.TestCase_001 -->
